2019-02-23 21:03:23,311 - INFO - case - 开始执行第1条用例 - [logintest.py:26]
2019-02-23 21:03:23,311 - INFO - request - method:GET url:http://test.lemonban.com/futureloan/mvc/api/member/login - [request.py:20]
2019-02-23 21:03:23,312 - INFO - request - data:{'mobilephone': '18566668888', 'pwd': '123456'} - [request.py:21]
2019-02-23 21:03:23,490 - INFO - request - response:{"status":1,"code":"10001","data":null,"msg":"登录成功"} - [request.py:25]
2019-02-23 21:03:23,535 - INFO - case - 第1条用例执行结果:pass - [logintest.py:31]
2019-02-23 21:03:23,536 - INFO - case - 开始执行第2条用例 - [logintest.py:26]
2019-02-23 21:03:23,537 - INFO - request - method:POST url:http://test.lemonban.com/futureloan/mvc/api/member/login - [request.py:20]
2019-02-23 21:03:23,537 - INFO - request - data:{'mobilephone': '', 'pwd': '123456'} - [request.py:21]
2019-02-23 21:03:23,545 - INFO - request - response:{"status":0,"code":"20103","data":null,"msg":"手机号不能为空"} - [request.py:29]
2019-02-23 21:03:23,572 - INFO - case - 第2条用例执行结果:pass - [logintest.py:31]
2019-02-23 21:03:23,572 - INFO - case - 开始执行第3条用例 - [logintest.py:26]
2019-02-23 21:03:23,575 - INFO - request - method:GET url:http://test.lemonban.com/futureloan/mvc/api/member/login - [request.py:20]
2019-02-23 21:03:23,575 - INFO - request - data:{'mobilephone': '18566668888', 'pwd': ''} - [request.py:21]
2019-02-23 21:03:23,582 - INFO - request - response:{"status":0,"code":"20103","data":null,"msg":"密码不能为空"} - [request.py:25]
2019-02-23 21:03:23,608 - INFO - case - 第3条用例执行结果:pass - [logintest.py:31]
2019-02-23 21:03:23,609 - INFO - case - 开始执行第4条用例 - [logintest.py:26]
2019-02-23 21:03:23,610 - INFO - request - method:POST url:http://test.lemonban.com/futureloan/mvc/api/member/login - [request.py:20]
2019-02-23 21:03:23,610 - INFO - request - data:{'mobilephone': '18566668888', 'pwd': '12345678'} - [request.py:21]
2019-02-23 21:03:23,623 - INFO - request - response:{"status":0,"code":"20111","data":null,"msg":"用户名或密码错误"} - [request.py:29]
2019-02-23 21:03:23,648 - INFO - case - 第4条用例执行结果:pass - [logintest.py:31]
